ERROR: LoadError: ArgumentError: Package SuperconductingCavities does not have JSON3 in its dependencies:
- You may have a partially installed environment. Try `Pkg.instantiate()`
  to ensure all packages in the environment are installed.
- Or, if you have SuperconductingCavities checked out for development and have
  added JSON3 as a dependency but haven't updated your primary
  environment's manifest file, try `Pkg.resolve()`.
- Otherwise you may need to report an issue with SuperconductingCavities
Stacktrace:
  [1] macro expansion
    @ ./loading.jl:1776 [inlined]
  [2] macro expansion
    @ ./lock.jl:267 [inlined]
  [3] __require(into::Module, mod::Symbol)
    @ Base ./loading.jl:1753
  [4] #invoke_in_world#3
    @ ./essentials.jl:926 [inlined]
  [5] invoke_in_world
    @ ./essentials.jl:923 [inlined]
  [6] require(into::Module, mod::Symbol)
    @ Base ./loading.jl:1746
  [7] include(mod::Module, _path::String)
    @ Base ./Base.jl:495
  [8] include(x::String)
    @ SuperconductingCavities /local/gr400/Git Repositories/SuperconductingCavities/src/SuperconductingCavities.jl:1
  [9] top-level scope
    @ /local/gr400/Git Repositories/SuperconductingCavities/src/Circuits/Circuits.jl:1
 [10] include(mod::Module, _path::String)
    @ Base ./Base.jl:495
 [11] include(x::String)
    @ SuperconductingCavities /local/gr400/Git Repositories/SuperconductingCavities/src/SuperconductingCavities.jl:1
 [12] top-level scope
    @ /local/gr400/Git Repositories/SuperconductingCavities/src/SuperconductingCavities.jl:10
 [13] include
    @ ./Base.jl:495 [inlined]
 [14] include_package_for_output(pkg::Base.PkgId, input::String, depot_path::Vector{String}, dl_load_path::Vector{String}, load_path::Vector{String}, concrete_deps::Vector{Pair{Base.PkgId, UInt128}}, source::String)
    @ Base ./loading.jl:2222
 [15] top-level scope
    @ stdin:3
in expression starting at /local/gr400/Git Repositories/SuperconductingCavities/src/Circuits/Circuit_Types/Transmon_Resonators.jl:2
in expression starting at /local/gr400/Git Repositories/SuperconductingCavities/src/Circuits/Circuits.jl:1
in expression starting at /local/gr400/Git Repositories/SuperconductingCavities/src/SuperconductingCavities.jl:1
in expression starting at stdin:3
ERROR: LoadError: Failed to precompile SuperconductingCavities [ee3d56fb-bca2-435b-b019-382031bd701c] to "/home/gr400/.julia/compiled/v1.10/SuperconductingCavities/jl_xQAOHm".
Stacktrace:
  [1] error(s::String)
    @ Base ./error.jl:35
  [2] compilecache(pkg::Base.PkgId, path::String, internal_stderr::IO, internal_stdout::IO, keep_loaded_modules::Bool)
    @ Base ./loading.jl:2468
  [3] compilecache
    @ ./loading.jl:2340 [inlined]
  [4] (::Base.var"#968#969"{Base.PkgId})()
    @ Base ./loading.jl:1974
  [5] mkpidlock(f::Base.var"#968#969"{Base.PkgId}, at::String, pid::Int32; kwopts::@Kwargs{stale_age::Int64, wait::Bool})
    @ FileWatching.Pidfile /local/gr400/Julia/julia-1.10.5/share/julia/stdlib/v1.10/FileWatching/src/pidfile.jl:93
  [6] #mkpidlock#6
    @ /local/gr400/Julia/julia-1.10.5/share/julia/stdlib/v1.10/FileWatching/src/pidfile.jl:88 [inlined]
  [7] trymkpidlock(::Function, ::Vararg{Any}; kwargs::@Kwargs{stale_age::Int64})
    @ FileWatching.Pidfile /local/gr400/Julia/julia-1.10.5/share/julia/stdlib/v1.10/FileWatching/src/pidfile.jl:111
  [8] #invokelatest#2
    @ ./essentials.jl:894 [inlined]
  [9] invokelatest
    @ ./essentials.jl:889 [inlined]
 [10] maybe_cachefile_lock(f::Base.var"#968#969"{Base.PkgId}, pkg::Base.PkgId, srcpath::String; stale_age::Int64)
    @ Base ./loading.jl:2983
 [11] maybe_cachefile_lock
    @ ./loading.jl:2980 [inlined]
 [12] _require(pkg::Base.PkgId, env::String)
    @ Base ./loading.jl:1970
 [13] __require_prelocked(uuidkey::Base.PkgId, env::String)
    @ Base ./loading.jl:1812
 [14] #invoke_in_world#3
    @ ./essentials.jl:926 [inlined]
 [15] invoke_in_world
    @ ./essentials.jl:923 [inlined]
 [16] _require_prelocked(uuidkey::Base.PkgId, env::String)
    @ Base ./loading.jl:1803
 [17] macro expansion
    @ ./loading.jl:1790 [inlined]
 [18] macro expansion
    @ ./lock.jl:267 [inlined]
 [19] __require(into::Module, mod::Symbol)
    @ Base ./loading.jl:1753
 [20] #invoke_in_world#3
    @ ./essentials.jl:926 [inlined]
 [21] invoke_in_world
    @ ./essentials.jl:923 [inlined]
 [22] require(into::Module, mod::Symbol)
    @ Base ./loading.jl:1746
in expression starting at /local/gr400/Git Repositories/SuperconductingCavities/Demo/RunPulseSequence_With_Loss.jl:8
